<?xml version="1.0" encoding="UTF-8"?>
<testsuite xmlns:xsi="http://www.w3.org/2001/XMLSchema-instance" xsi:noNamespaceSchemaLocation="https://maven.apache.org/surefire/maven-surefire-plugin/xsd/surefire-test-report-3.0.xsd" version="3.0" name="TestSuite" time="24.829" tests="2" errors="0" skipped="0" failures="0">
  <properties>
[...]
</properties>
  <testcase name="verifyTitle" classname="com.newHRM.basics.FbLogin" time="0.001">
    <system-out><![CDATA[15:41:14.867 [main] DEBUG io.github.bonigarcia.wdm.Shell - There was a problem executing command <wmic datafile where name='C:\\Program Files\\Mozilla Firefox\\firefox.exe' get Version /value> on the shell: Cannot run program "wmic" (in directory "C:\Windows\System32"): CreateProcess error=2, The system cannot find the file specified
15:41:14.871 [main] DEBUG io.github.bonigarcia.wdm.WebDriverManager - The proper geckodriver version for your Mozilla Firefox is unknown ... trying with the latest
15:41:14.872 [main] INFO io.github.bonigarcia.wdm.WebDriverManager - Reading https://api.github.com/repos/mozilla/geckodriver/releases to seek geckodriver
15:41:22.780 [main] INFO io.github.bonigarcia.wdm.WebDriverManager - Latest version of geckodriver is 0.28.0
15:41:22.809 [main] INFO io.github.bonigarcia.wdm.Downloader - Using binary driver previously downloaded
15:41:22.809 [main] INFO io.github.bonigarcia.wdm.WebDriverManager - Exporting webdriver.gecko.driver as C:\Users\sairam\.m2\repository\webdriver\geckodriver\win32\0.28.0\geckodriver.exe
]]></system-out>
    <system-err><![CDATA[1604657483167	geckodriver	INFO	Listening on 127.0.0.1:16201
1604657483696	mozrunner::runner	INFO	Running command: "C:\\Program Files\\Mozilla Firefox\\firefox.exe" "--marionette" "-foreground" "-no-remote" "-profile" "C:\\Users\\sairam\\AppData\\Local\\Temp\\rust_mozprofileXjXkVM"
JavaScript error: resource://gre/modules/XULStore.jsm, line 66: Error: Can't find profile directory.
console.error: SearchCache: "_readCacheFile: Error reading cache file:" (new Error("", "(unknown module)"))
1604657489435	Marionette	INFO	Listening on port 51571
1604657489855	Marionette	WARN	TLS certificate errors will be ignored for this session
Nov 06, 2020 3:41:29 PM org.openqa.selenium.remote.ProtocolHandshake createSession
INFO: Detected dialect: W3C
JavaScript warning: https://static.xx.fbcdn.net/rsrc.php/v3iX3c4/yS/l/en_GB/9uUhEN-sUI-.js?_nc_x=Ij3Wp8lg5Kz, line 18: WebGL warning: <Create>: getContext: Disallowing antialiased backbuffers due to blacklisting. (FEATURE_FAILURE_BUG_1074378_1)
Can't find symbol 'eglSwapBuffersWithDamageEXT'.
]]></system-err>
  </testcase>
  <testcase name="verifyUrl" classname="com.newHRM.basics.FbLogin" time="0"/>
</testsuite>